<?xml version="1.0" encoding="UTF-8"?>
<testsuite xmlns:xsi="http://www.w3.org/2001/XMLSchema-instance" xsi:noNamespaceSchemaLocation="https://maven.apache.org/surefire/maven-surefire-plugin/xsd/surefire-test-report-3.0.xsd" version="3.0" name="TestSuite" time="348.961" tests="5" errors="0" skipped="0" failures="3">
  <properties>
[...]
</properties>
  <testcase name="adminlogintest" classname="HMS.adminTest.Logintest" time="12.469">
    <system-out><![CDATA[before FindBY By.tagName: img
afterFindByBy.tagName: img
before FindBY By.cssSelector: h3.font-white
afterFindByBy.cssSelector: h3.font-white
before FindBY By.cssSelector: input#email
afterFindByBy.cssSelector: input#email
afterChangeValueOf [[ChromeDriver: chrome on WINDOWS (5d668e0fc99ba3c37350cb0d0dba5d5a)] -> css selector: input#email]
before FindBY By.cssSelector: input#password
afterFindByBy.cssSelector: input#password
afterChangeValueOf [[ChromeDriver: chrome on WINDOWS (5d668e0fc99ba3c37350cb0d0dba5d5a)] -> css selector: input#password]
before FindBY By.cssSelector: button.btn
afterFindByBy.cssSelector: button.btn
afterClickOn [[ChromeDriver: chrome on WINDOWS (5d668e0fc99ba3c37350cb0d0dba5d5a)] -> css selector: button.btn]
before FindBY By.cssSelector: img.topuser-image
afterFindByBy.cssSelector: img.topuser-image
afterClickOn [[ChromeDriver: chrome on WINDOWS (5d668e0fc99ba3c37350cb0d0dba5d5a)] -> css selector: img.topuser-image]
before FindBY By.xpath: //h5[text()='Super Admin']
afterFindByBy.xpath: //h5[text()='Super Admin']
before FindBY By.cssSelector: div.sspass>a:nth-child(3)
afterFindByBy.cssSelector: div.sspass>a:nth-child(3)
afterClickOn [[ChromeDriver: chrome on WINDOWS (5d668e0fc99ba3c37350cb0d0dba5d5a)] -> css selector: div.sspass>a:nth-child(3)]
]]></system-out>
    <system-err><![CDATA[SLF4J: No SLF4J providers were found.
SLF4J: Defaulting to no-operation (NOP) logger implementation
SLF4J: See https://www.slf4j.org/codes.html#noProviders for further details.
log4j:WARN No appenders could be found for logger (io.netty.util.internal.logging.InternalLoggerFactory).
log4j:WARN Please initialize the log4j system properly.
Starting ChromeDriver 114.0.5735.90 (386bc09e8f4f2e025eddae123f36f6263096ae49-refs/branch-heads/5735@{#1052}) on port 13320
Only local connections are allowed.
Please see https://chromedriver.chromium.org/security-considerations for suggestions on keeping ChromeDriver safe.
ChromeDriver was started successfully.
Jun 16, 2023 4:48:40 PM org.openqa.selenium.devtools.CdpVersionFinder findNearestMatch
WARNING: Unable to find an exact match for CDP version 114, so returning the closest version found: 110
]]></system-err>
  </testcase>
  <testcase name="frontTest" classname="HMS.adminTest.Frontofficetest" time="8.89">
    <system-out><![CDATA[before FindBY By.cssSelector: input#email
afterFindByBy.cssSelector: input#email
afterChangeValueOf [[ChromeDriver: chrome on WINDOWS (ea57fead4e0260544ef6a72f80699b36)] -> css selector: input#email]
before FindBY By.cssSelector: input#password
afterFindByBy.cssSelector: input#password
afterChangeValueOf [[ChromeDriver: chrome on WINDOWS (ea57fead4e0260544ef6a72f80699b36)] -> css selector: input#password]
before FindBY By.cssSelector: button.btn
afterFindByBy.cssSelector: button.btn
afterClickOn [[ChromeDriver: chrome on WINDOWS (ea57fead4e0260544ef6a72f80699b36)] -> css selector: button.btn]
before FindBY By.cssSelector: ul.sidebar-menu>li
afterFindByBy.cssSelector: ul.sidebar-menu>li
afterClickOn [[ChromeDriver: chrome on WINDOWS (ea57fead4e0260544ef6a72f80699b36)] -> css selector: ul.sidebar-menu>li]
before FindBY By.cssSelector: h3.box-title
afterFindByBy.cssSelector: h3.box-title
before FindBY By.cssSelector: div.box-tools>a:nth-child(2)
afterFindByBy.cssSelector: div.box-tools>a:nth-child(2)
afterClickOn [[ChromeDriver: chrome on WINDOWS (ea57fead4e0260544ef6a72f80699b36)] -> css selector: div.box-tools>a:nth-child(2)]
]]></system-out>
    <system-err><![CDATA[Starting ChromeDriver 114.0.5735.90 (386bc09e8f4f2e025eddae123f36f6263096ae49-refs/branch-heads/5735@{#1052}) on port 10726
Only local connections are allowed.
Please see https://chromedriver.chromium.org/security-considerations for suggestions on keeping ChromeDriver safe.
ChromeDriver was started successfully.
Jun 16, 2023 4:49:00 PM org.openqa.selenium.devtools.CdpVersionFinder findNearestMatch
WARNING: Unable to find an exact match for CDP version 114, so returning the closest version found: 110
]]></system-err>
  </testcase>
  <testcase name="vistortest[[Ljava.lang.String;@5807efad](1)" classname="HMS.adminTest.Vistortest" time="72.432">
    <failure message="no such element: Unable to locate element: {&quot;method&quot;:&quot;css selector&quot;,&quot;selector&quot;:&quot;form#formadd textarea[name=&apos;note1&apos;]&quot;}&#10;  (Session info: chrome=114.0.5735.134)&#10;For documentation on this error, please visit: https://selenium.dev/exceptions/#no_such_element&#10;Build info: version: &apos;4.8.1&apos;, revision: &apos;8ebccac989&apos;&#10;System info: os.name: &apos;Windows 11&apos;, os.arch: &apos;amd64&apos;, os.version: &apos;10.0&apos;, java.version: &apos;11.0.19&apos;&#10;Driver info: org.openqa.selenium.chrome.ChromeDriver&#10;Command: [526810ebb24affd08c2bbf5c277537e9, findElement {using=css selector, value=form#formadd textarea[name=&apos;note1&apos;]}]&#10;Capabilities {acceptInsecureCerts: false, browserName: chrome, browserVersion: 114.0.5735.134, chrome: {chromedriverVersion: 114.0.5735.90 (386bc09e8f4f..., userDataDir: C:\Users\pavigiri\AppData\L...}, goog:chromeOptions: {debuggerAddress: localhost:55445}, networkConnectionEnabled: false, pageLoadStrategy: normal, platformName: WINDOWS, proxy: Proxy(), se:cdp: ws://localhost:55445/devtoo..., se:cdpVersion: 114.0.5735.134, setWindowRect: true, strictFileInteractability: false, timeouts: {implicit: 0, pageLoad: 300000, script: 30000}, unhandledPromptBehavior: dismiss and notify, webauthn:extension:credBlob: true, webauthn:extension:largeBlob: true, webauthn:extension:minPinLength: true, webauthn:extension:prf: true, webauthn:virtualAuthenticators: true}&#10;Session ID: 526810ebb24affd08c2bbf5c277537e9" type="org.openqa.selenium.NoSuchElementException"><![CDATA[org.openqa.selenium.NoSuchElementException: 
no such element: Unable to locate element: {"method":"css selector","selector":"form#formadd textarea[name='note1']"}
  (Session info: chrome=114.0.5735.134)
For documentation on this error, please visit: https://selenium.dev/exceptions/#no_such_element
Build info: version: '4.8.1', revision: '8ebccac989'
System info: os.name: 'Windows 11', os.arch: 'amd64', os.version: '10.0', java.version: '11.0.19'
Driver info: org.openqa.selenium.chrome.ChromeDriver
Command: [526810ebb24affd08c2bbf5c277537e9, findElement {using=css selector, value=form#formadd textarea[name='note1']}]
Capabilities {acceptInsecureCerts: false, browserName: chrome, browserVersion: 114.0.5735.134, chrome: {chromedriverVersion: 114.0.5735.90 (386bc09e8f4f..., userDataDir: C:\Users\pavigiri\AppData\L...}, goog:chromeOptions: {debuggerAddress: localhost:55445}, networkConnectionEnabled: false, pageLoadStrategy: normal, platformName: WINDOWS, proxy: Proxy(), se:cdp: ws://localhost:55445/devtoo..., se:cdpVersion: 114.0.5735.134, setWindowRect: true, strictFileInteractability: false, timeouts: {implicit: 0, pageLoad: 300000, script: 30000}, unhandledPromptBehavior: dismiss and notify, webauthn:extension:credBlob: true, webauthn:extension:largeBlob: true, webauthn:extension:minPinLength: true, webauthn:extension:prf: true, webauthn:virtualAuthenticators: true}
Session ID: 526810ebb24affd08c2bbf5c277537e9
	at java.base/jdk.internal.reflect.NativeConstructorAccessorImpl.newInstance0(Native Method)
	at java.base/jdk.internal.reflect.NativeConstructorAccessorImpl.newInstance(NativeConstructorAccessorImpl.java:62)
	at java.base/jdk.internal.reflect.DelegatingConstructorAccessorImpl.newInstance(DelegatingConstructorAccessorImpl.java:45)
	at java.base/java.lang.reflect.Constructor.newInstance(Constructor.java:490)
	at org.openqa.selenium.remote.codec.w3c.W3CHttpResponseCodec.createException(W3CHttpResponseCodec.java:200)
	at org.openqa.selenium.remote.codec.w3c.W3CHttpResponseCodec.decode(W3CHttpResponseCodec.java:133)
	at org.openqa.selenium.remote.codec.w3c.W3CHttpResponseCodec.decode(W3CHttpResponseCodec.java:53)
	at org.openqa.selenium.remote.HttpCommandExecutor.execute(HttpCommandExecutor.java:184)
	at org.openqa.selenium.remote.service.DriverCommandExecutor.invokeExecute(DriverCommandExecutor.java:167)
	at org.openqa.selenium.remote.service.DriverCommandExecutor.execute(DriverCommandExecutor.java:142)
	at org.openqa.selenium.remote.RemoteWebDriver.execute(RemoteWebDriver.java:543)
	at org.openqa.selenium.remote.ElementLocation$ElementFinder$2.findElement(ElementLocation.java:162)
	at org.openqa.selenium.remote.ElementLocation.findElement(ElementLocation.java:60)
	at org.openqa.selenium.remote.RemoteWebDriver.findElement(RemoteWebDriver.java:352)
	at org.openqa.selenium.remote.RemoteWebDriver.findElement(RemoteWebDriver.java:344)
	at jdk.internal.reflect.GeneratedMethodAccessor2.invoke(Unknown Source)
	at java.base/jdk.internal.reflect.DelegatingMethodAccessorImpl.invoke(DelegatingMethodAccessorImpl.java:43)
	at java.base/java.lang.reflect.Method.invoke(Method.java:566)
	at org.openqa.selenium.support.events.EventFiringWebDriver.lambda$new$1(EventFiringWebDriver.java:106)
	at com.sun.proxy.$Proxy13.findElement(Unknown Source)
	at org.openqa.selenium.support.events.EventFiringWebDriver.findElement(EventFiringWebDriver.java:195)
	at org.openqa.selenium.support.pagefactory.DefaultElementLocator.findElement(DefaultElementLocator.java:70)
	at org.openqa.selenium.support.pagefactory.internal.LocatingElementHandler.invoke(LocatingElementHandler.java:39)
	at com.sun.proxy.$Proxy17.sendKeys(Unknown Source)
	at HMS.pages.VistorPage.addvistordetails(VistorPage.java:59)
	at HMS.adminTest.Vistortest.vistortest(Vistortest.java:59)
	at java.base/jdk.internal.reflect.NativeMethodAccessorImpl.invoke0(Native Method)
	at java.base/jdk.internal.reflect.NativeMethodAccessorImpl.invoke(NativeMethodAccessorImpl.java:62)
	at java.base/jdk.internal.reflect.DelegatingMethodAccessorImpl.invoke(DelegatingMethodAccessorImpl.java:43)
	at java.base/java.lang.reflect.Method.invoke(Method.java:566)
	at org.testng.internal.invokers.MethodInvocationHelper.invokeMethod(MethodInvocationHelper.java:139)
	at org.testng.internal.invokers.TestInvoker.invokeMethod(TestInvoker.java:677)
	at org.testng.internal.invokers.TestInvoker.invokeTestMethod(TestInvoker.java:221)
	at org.testng.internal.invokers.MethodRunner.runInSequence(MethodRunner.java:50)
	at org.testng.internal.invokers.TestInvoker$MethodInvocationAgent.invoke(TestInvoker.java:969)
	at org.testng.internal.invokers.TestInvoker.invokeTestMethods(TestInvoker.java:194)
	at org.testng.internal.invokers.TestMethodWorker.invokeTestMethods(TestMethodWorker.java:148)
	at org.testng.internal.invokers.TestMethodWorker.run(TestMethodWorker.java:128)
	at java.base/java.util.ArrayList.forEach(ArrayList.java:1541)
	at org.testng.TestRunner.privateRun(TestRunner.java:829)
	at org.testng.TestRunner.run(TestRunner.java:602)
	at org.testng.SuiteRunner.runTest(SuiteRunner.java:437)
	at org.testng.SuiteRunner.runSequentially(SuiteRunner.java:431)
	at org.testng.SuiteRunner.privateRun(SuiteRunner.java:391)
	at org.testng.SuiteRunner.run(SuiteRunner.java:330)
	at org.testng.SuiteRunnerWorker.runSuite(SuiteRunnerWorker.java:52)
	at org.testng.SuiteRunnerWorker.run(SuiteRunnerWorker.java:95)
	at org.testng.TestNG.runSuitesSequentially(TestNG.java:1256)
	at org.testng.TestNG.runSuitesLocally(TestNG.java:1176)
	at org.testng.TestNG.runSuites(TestNG.java:1099)
	at org.testng.TestNG.run(TestNG.java:1067)
	at org.apache.maven.surefire.testng.TestNGExecutor.run(TestNGExecutor.java:308)
	at org.apache.maven.surefire.testng.TestNGXmlTestSuite.execute(TestNGXmlTestSuite.java:71)
	at org.apache.maven.surefire.testng.TestNGProvider.invoke(TestNGProvider.java:113)
	at org.apache.maven.surefire.booter.ForkedBooter.runSuitesInProcess(ForkedBooter.java:385)
	at org.apache.maven.surefire.booter.ForkedBooter.execute(ForkedBooter.java:162)
	at org.apache.maven.surefire.booter.ForkedBooter.run(ForkedBooter.java:507)
	at org.apache.maven.surefire.booter.ForkedBooter.main(ForkedBooter.java:495)
]]></failure>
    <system-out><![CDATA[before FindBY By.cssSelector: input#email
afterFindByBy.cssSelector: input#email
afterChangeValueOf [[ChromeDriver: chrome on WINDOWS (526810ebb24affd08c2bbf5c277537e9)] -> css selector: input#email]
before FindBY By.cssSelector: input#password
afterFindByBy.cssSelector: input#password
afterChangeValueOf [[ChromeDriver: chrome on WINDOWS (526810ebb24affd08c2bbf5c277537e9)] -> css selector: input#password]
before FindBY By.cssSelector: button.btn
afterFindByBy.cssSelector: button.btn
afterClickOn [[ChromeDriver: chrome on WINDOWS (526810ebb24affd08c2bbf5c277537e9)] -> css selector: button.btn]
before FindBY By.cssSelector: ul.sidebar-menu>li
afterFindByBy.cssSelector: ul.sidebar-menu>li
afterClickOn [[ChromeDriver: chrome on WINDOWS (526810ebb24affd08c2bbf5c277537e9)] -> css selector: ul.sidebar-menu>li]
before FindBY By.cssSelector: div.box-tools>a:nth-child(2)
afterFindByBy.cssSelector: div.box-tools>a:nth-child(2)
afterClickOn [[ChromeDriver: chrome on WINDOWS (526810ebb24affd08c2bbf5c277537e9)] -> css selector: div.box-tools>a:nth-child(2)]
before FindBY By.cssSelector: h3.box-title
afterFindByBy.cssSelector: h3.box-title
before FindBY By.cssSelector: a.btn-sm
afterFindByBy.cssSelector: a.btn-sm
afterClickOn [[ChromeDriver: chrome on WINDOWS (526810ebb24affd08c2bbf5c277537e9)] -> css selector: a.btn-sm]
before FindBY By.xpath: //h4[text()=' Add Visitor']
afterFindByBy.xpath: //h4[text()=' Add Visitor']
before FindBY By.xpath: //h4[text()=' Add Visitor']
afterFindByBy.xpath: //h4[text()=' Add Visitor']
before FindBY By.xpath: //h4[text()=' Add Visitor']
afterFindByBy.xpath: //h4[text()=' Add Visitor']
before FindBY By.cssSelector: form#formadd select[name='purpose']
afterFindByBy.cssSelector: form#formadd select[name='purpose']
before FindBY By.cssSelector: form#formadd select[name='purpose']
afterFindByBy.cssSelector: form#formadd select[name='purpose']
before FindBY By.cssSelector: form#formadd select[name='purpose']
afterFindByBy.cssSelector: form#formadd select[name='purpose']
before FindBY By.cssSelector: form#formadd select[name='purpose']
afterFindByBy.cssSelector: form#formadd select[name='purpose']
before FindBY By.xpath: .//option[normalize-space(.) = "investigate"]
afterFindByBy.xpath: .//option[normalize-space(.) = "investigate"]
afterClickOn [[[[ChromeDriver: chrome on WINDOWS (526810ebb24affd08c2bbf5c277537e9)] -> css selector: form#formadd select[name='purpose']]] -> xpath: .//option[normalize-space(.) = "investigate"]]
before FindBY By.cssSelector: form#formadd input[name='name']
afterFindByBy.cssSelector: form#formadd input[name='name']
afterChangeValueOf [[ChromeDriver: chrome on WINDOWS (526810ebb24affd08c2bbf5c277537e9)] -> css selector: form#formadd input[name='name']]
before FindBY By.cssSelector: form#formadd input[name='id_proof']
afterFindByBy.cssSelector: form#formadd input[name='id_proof']
afterChangeValueOf [[ChromeDriver: chrome on WINDOWS (526810ebb24affd08c2bbf5c277537e9)] -> css selector: form#formadd input[name='id_proof']]
before FindBY By.cssSelector: form#formadd input[name='pepples']
afterFindByBy.cssSelector: form#formadd input[name='pepples']
afterChangeValueOf [[ChromeDriver: chrome on WINDOWS (526810ebb24affd08c2bbf5c277537e9)] -> css selector: form#formadd input[name='pepples']]
before FindBY By.cssSelector: form#formadd input[name='contact']
afterFindByBy.cssSelector: form#formadd input[name='contact']
afterChangeValueOf [[ChromeDriver: chrome on WINDOWS (526810ebb24affd08c2bbf5c277537e9)] -> css selector: form#formadd input[name='contact']]
before FindBY By.cssSelector: form#formadd textarea[name='note1']
Testcase doneorg.openqa.selenium.NoSuchElementException: no such element: Unable to locate element: {"method":"css selector","selector":"form#formadd textarea[name='note1']"}
  (Session info: chrome=114.0.5735.134)
For documentation on this error, please visit: https://selenium.dev/exceptions/#no_such_element
Build info: version: '4.8.1', revision: '8ebccac989'
System info: os.name: 'Windows 11', os.arch: 'amd64', os.version: '10.0', java.version: '11.0.19'
Driver info: org.openqa.selenium.chrome.ChromeDriver
Command: [526810ebb24affd08c2bbf5c277537e9, findElement {using=css selector, value=form#formadd textarea[name='note1']}]
Capabilities {acceptInsecureCerts: false, browserName: chrome, browserVersion: 114.0.5735.134, chrome: {chromedriverVersion: 114.0.5735.90 (386bc09e8f4f..., userDataDir: C:\Users\pavigiri\AppData\L...}, goog:chromeOptions: {debuggerAddress: localhost:55445}, networkConnectionEnabled: false, pageLoadStrategy: normal, platformName: WINDOWS, proxy: Proxy(), se:cdp: ws://localhost:55445/devtoo..., se:cdpVersion: 114.0.5735.134, setWindowRect: true, strictFileInteractability: false, timeouts: {implicit: 0, pageLoad: 300000, script: 30000}, unhandledPromptBehavior: dismiss and notify, webauthn:extension:credBlob: true, webauthn:extension:largeBlob: true, webauthn:extension:minPinLength: true, webauthn:extension:prf: true, webauthn:virtualAuthenticators: true}
Session ID: 526810ebb24affd08c2bbf5c277537e9
Testcase doneChromeDriver: chrome on WINDOWS (526810ebb24affd08c2bbf5c277537e9)
]]></system-out>
    <system-err><![CDATA[Starting ChromeDriver 114.0.5735.90 (386bc09e8f4f2e025eddae123f36f6263096ae49-refs/branch-heads/5735@{#1052}) on port 9048
Only local connections are allowed.
Please see https://chromedriver.chromium.org/security-considerations for suggestions on keeping ChromeDriver safe.
ChromeDriver was started successfully.
Jun 16, 2023 4:49:32 PM org.openqa.selenium.devtools.CdpVersionFinder findNearestMatch
WARNING: Unable to find an exact match for CDP version 114, so returning the closest version found: 110
]]></system-err>
  </testcase>
  <testcase name="vistortest[[Ljava.lang.String;@33f17289](2)" classname="HMS.adminTest.Vistortest" time="72.329">
    <failure message="no such element: Unable to locate element: {&quot;method&quot;:&quot;css selector&quot;,&quot;selector&quot;:&quot;form#formadd textarea[name=&apos;note1&apos;]&quot;}&#10;  (Session info: chrome=114.0.5735.134)&#10;For documentation on this error, please visit: https://selenium.dev/exceptions/#no_such_element&#10;Build info: version: &apos;4.8.1&apos;, revision: &apos;8ebccac989&apos;&#10;System info: os.name: &apos;Windows 11&apos;, os.arch: &apos;amd64&apos;, os.version: &apos;10.0&apos;, java.version: &apos;11.0.19&apos;&#10;Driver info: org.openqa.selenium.chrome.ChromeDriver&#10;Command: [46e7d7b2cd15548bb12f599b84954602, findElement {using=css selector, value=form#formadd textarea[name=&apos;note1&apos;]}]&#10;Capabilities {acceptInsecureCerts: false, browserName: chrome, browserVersion: 114.0.5735.134, chrome: {chromedriverVersion: 114.0.5735.90 (386bc09e8f4f..., userDataDir: C:\Users\pavigiri\AppData\L...}, goog:chromeOptions: {debuggerAddress: localhost:55521}, networkConnectionEnabled: false, pageLoadStrategy: normal, platformName: WINDOWS, proxy: Proxy(), se:cdp: ws://localhost:55521/devtoo..., se:cdpVersion: 114.0.5735.134, setWindowRect: true, strictFileInteractability: false, timeouts: {implicit: 0, pageLoad: 300000, script: 30000}, unhandledPromptBehavior: dismiss and notify, webauthn:extension:credBlob: true, webauthn:extension:largeBlob: true, webauthn:extension:minPinLength: true, webauthn:extension:prf: true, webauthn:virtualAuthenticators: true}&#10;Session ID: 46e7d7b2cd15548bb12f599b84954602" type="org.openqa.selenium.NoSuchElementException"><![CDATA[org.openqa.selenium.NoSuchElementException: 
no such element: Unable to locate element: {"method":"css selector","selector":"form#formadd textarea[name='note1']"}
  (Session info: chrome=114.0.5735.134)
For documentation on this error, please visit: https://selenium.dev/exceptions/#no_such_element
Build info: version: '4.8.1', revision: '8ebccac989'
System info: os.name: 'Windows 11', os.arch: 'amd64', os.version: '10.0', java.version: '11.0.19'
Driver info: org.openqa.selenium.chrome.ChromeDriver
Command: [46e7d7b2cd15548bb12f599b84954602, findElement {using=css selector, value=form#formadd textarea[name='note1']}]
Capabilities {acceptInsecureCerts: false, browserName: chrome, browserVersion: 114.0.5735.134, chrome: {chromedriverVersion: 114.0.5735.90 (386bc09e8f4f..., userDataDir: C:\Users\pavigiri\AppData\L...}, goog:chromeOptions: {debuggerAddress: localhost:55521}, networkConnectionEnabled: false, pageLoadStrategy: normal, platformName: WINDOWS, proxy: Proxy(), se:cdp: ws://localhost:55521/devtoo..., se:cdpVersion: 114.0.5735.134, setWindowRect: true, strictFileInteractability: false, timeouts: {implicit: 0, pageLoad: 300000, script: 30000}, unhandledPromptBehavior: dismiss and notify, webauthn:extension:credBlob: true, webauthn:extension:largeBlob: true, webauthn:extension:minPinLength: true, webauthn:extension:prf: true, webauthn:virtualAuthenticators: true}
Session ID: 46e7d7b2cd15548bb12f599b84954602
	at java.base/jdk.internal.reflect.NativeConstructorAccessorImpl.newInstance0(Native Method)
	at java.base/jdk.internal.reflect.NativeConstructorAccessorImpl.newInstance(NativeConstructorAccessorImpl.java:62)
	at java.base/jdk.internal.reflect.DelegatingConstructorAccessorImpl.newInstance(DelegatingConstructorAccessorImpl.java:45)
	at java.base/java.lang.reflect.Constructor.newInstance(Constructor.java:490)
	at org.openqa.selenium.remote.codec.w3c.W3CHttpResponseCodec.createException(W3CHttpResponseCodec.java:200)
	at org.openqa.selenium.remote.codec.w3c.W3CHttpResponseCodec.decode(W3CHttpResponseCodec.java:133)
	at org.openqa.selenium.remote.codec.w3c.W3CHttpResponseCodec.decode(W3CHttpResponseCodec.java:53)
	at org.openqa.selenium.remote.HttpCommandExecutor.execute(HttpCommandExecutor.java:184)
	at org.openqa.selenium.remote.service.DriverCommandExecutor.invokeExecute(DriverCommandExecutor.java:167)
	at org.openqa.selenium.remote.service.DriverCommandExecutor.execute(DriverCommandExecutor.java:142)
	at org.openqa.selenium.remote.RemoteWebDriver.execute(RemoteWebDriver.java:543)
	at org.openqa.selenium.remote.ElementLocation$ElementFinder$2.findElement(ElementLocation.java:162)
	at org.openqa.selenium.remote.ElementLocation.findElement(ElementLocation.java:60)
	at org.openqa.selenium.remote.RemoteWebDriver.findElement(RemoteWebDriver.java:352)
	at org.openqa.selenium.remote.RemoteWebDriver.findElement(RemoteWebDriver.java:344)
	at jdk.internal.reflect.GeneratedMethodAccessor2.invoke(Unknown Source)
	at java.base/jdk.internal.reflect.DelegatingMethodAccessorImpl.invoke(DelegatingMethodAccessorImpl.java:43)
	at java.base/java.lang.reflect.Method.invoke(Method.java:566)
	at org.openqa.selenium.support.events.EventFiringWebDriver.lambda$new$1(EventFiringWebDriver.java:106)
	at com.sun.proxy.$Proxy13.findElement(Unknown Source)
	at org.openqa.selenium.support.events.EventFiringWebDriver.findElement(EventFiringWebDriver.java:195)
	at org.openqa.selenium.support.pagefactory.DefaultElementLocator.findElement(DefaultElementLocator.java:70)
	at org.openqa.selenium.support.pagefactory.internal.LocatingElementHandler.invoke(LocatingElementHandler.java:39)
	at com.sun.proxy.$Proxy17.sendKeys(Unknown Source)
	at HMS.pages.VistorPage.addvistordetails(VistorPage.java:59)
	at HMS.adminTest.Vistortest.vistortest(Vistortest.java:59)
	at java.base/jdk.internal.reflect.NativeMethodAccessorImpl.invoke0(Native Method)
	at java.base/jdk.internal.reflect.NativeMethodAccessorImpl.invoke(NativeMethodAccessorImpl.java:62)
	at java.base/jdk.internal.reflect.DelegatingMethodAccessorImpl.invoke(DelegatingMethodAccessorImpl.java:43)
	at java.base/java.lang.reflect.Method.invoke(Method.java:566)
	at org.testng.internal.invokers.MethodInvocationHelper.invokeMethod(MethodInvocationHelper.java:139)
	at org.testng.internal.invokers.TestInvoker.invokeMethod(TestInvoker.java:677)
	at org.testng.internal.invokers.TestInvoker.invokeTestMethod(TestInvoker.java:221)
	at org.testng.internal.invokers.MethodRunner.runInSequence(MethodRunner.java:50)
	at org.testng.internal.invokers.TestInvoker$MethodInvocationAgent.invoke(TestInvoker.java:969)
	at org.testng.internal.invokers.TestInvoker.invokeTestMethods(TestInvoker.java:194)
	at org.testng.internal.invokers.TestMethodWorker.invokeTestMethods(TestMethodWorker.java:148)
	at org.testng.internal.invokers.TestMethodWorker.run(TestMethodWorker.java:128)
	at java.base/java.util.ArrayList.forEach(ArrayList.java:1541)
	at org.testng.TestRunner.privateRun(TestRunner.java:829)
	at org.testng.TestRunner.run(TestRunner.java:602)
	at org.testng.SuiteRunner.runTest(SuiteRunner.java:437)
	at org.testng.SuiteRunner.runSequentially(SuiteRunner.java:431)
	at org.testng.SuiteRunner.privateRun(SuiteRunner.java:391)
	at org.testng.SuiteRunner.run(SuiteRunner.java:330)
	at org.testng.SuiteRunnerWorker.runSuite(SuiteRunnerWorker.java:52)
	at org.testng.SuiteRunnerWorker.run(SuiteRunnerWorker.java:95)
	at org.testng.TestNG.runSuitesSequentially(TestNG.java:1256)
	at org.testng.TestNG.runSuitesLocally(TestNG.java:1176)
	at org.testng.TestNG.runSuites(TestNG.java:1099)
	at org.testng.TestNG.run(TestNG.java:1067)
	at org.apache.maven.surefire.testng.TestNGExecutor.run(TestNGExecutor.java:308)
	at org.apache.maven.surefire.testng.TestNGXmlTestSuite.execute(TestNGXmlTestSuite.java:71)
	at org.apache.maven.surefire.testng.TestNGProvider.invoke(TestNGProvider.java:113)
	at org.apache.maven.surefire.booter.ForkedBooter.runSuitesInProcess(ForkedBooter.java:385)
	at org.apache.maven.surefire.booter.ForkedBooter.execute(ForkedBooter.java:162)
	at org.apache.maven.surefire.booter.ForkedBooter.run(ForkedBooter.java:507)
	at org.apache.maven.surefire.booter.ForkedBooter.main(ForkedBooter.java:495)
]]></failure>
    <system-out><![CDATA[before FindBY By.cssSelector: input#email
afterFindByBy.cssSelector: input#email
afterChangeValueOf [[ChromeDriver: chrome on WINDOWS (46e7d7b2cd15548bb12f599b84954602)] -> css selector: input#email]
before FindBY By.cssSelector: input#password
afterFindByBy.cssSelector: input#password
afterChangeValueOf [[ChromeDriver: chrome on WINDOWS (46e7d7b2cd15548bb12f599b84954602)] -> css selector: input#password]
before FindBY By.cssSelector: button.btn
afterFindByBy.cssSelector: button.btn
afterClickOn [[ChromeDriver: chrome on WINDOWS (46e7d7b2cd15548bb12f599b84954602)] -> css selector: button.btn]
before FindBY By.cssSelector: ul.sidebar-menu>li
afterFindByBy.cssSelector: ul.sidebar-menu>li
afterClickOn [[ChromeDriver: chrome on WINDOWS (46e7d7b2cd15548bb12f599b84954602)] -> css selector: ul.sidebar-menu>li]
before FindBY By.cssSelector: div.box-tools>a:nth-child(2)
afterFindByBy.cssSelector: div.box-tools>a:nth-child(2)
afterClickOn [[ChromeDriver: chrome on WINDOWS (46e7d7b2cd15548bb12f599b84954602)] -> css selector: div.box-tools>a:nth-child(2)]
before FindBY By.cssSelector: h3.box-title
afterFindByBy.cssSelector: h3.box-title
before FindBY By.cssSelector: a.btn-sm
afterFindByBy.cssSelector: a.btn-sm
afterClickOn [[ChromeDriver: chrome on WINDOWS (46e7d7b2cd15548bb12f599b84954602)] -> css selector: a.btn-sm]
before FindBY By.xpath: //h4[text()=' Add Visitor']
afterFindByBy.xpath: //h4[text()=' Add Visitor']
before FindBY By.xpath: //h4[text()=' Add Visitor']
afterFindByBy.xpath: //h4[text()=' Add Visitor']
before FindBY By.cssSelector: form#formadd select[name='purpose']
afterFindByBy.cssSelector: form#formadd select[name='purpose']
before FindBY By.cssSelector: form#formadd select[name='purpose']
afterFindByBy.cssSelector: form#formadd select[name='purpose']
before FindBY By.cssSelector: form#formadd select[name='purpose']
afterFindByBy.cssSelector: form#formadd select[name='purpose']
before FindBY By.cssSelector: form#formadd select[name='purpose']
afterFindByBy.cssSelector: form#formadd select[name='purpose']
before FindBY By.xpath: .//option[normalize-space(.) = "checkup"]
afterFindByBy.xpath: .//option[normalize-space(.) = "checkup"]
afterClickOn [[[[ChromeDriver: chrome on WINDOWS (46e7d7b2cd15548bb12f599b84954602)] -> css selector: form#formadd select[name='purpose']]] -> xpath: .//option[normalize-space(.) = "checkup"]]
before FindBY By.cssSelector: form#formadd input[name='name']
afterFindByBy.cssSelector: form#formadd input[name='name']
afterChangeValueOf [[ChromeDriver: chrome on WINDOWS (46e7d7b2cd15548bb12f599b84954602)] -> css selector: form#formadd input[name='name']]
before FindBY By.cssSelector: form#formadd input[name='id_proof']
afterFindByBy.cssSelector: form#formadd input[name='id_proof']
afterChangeValueOf [[ChromeDriver: chrome on WINDOWS (46e7d7b2cd15548bb12f599b84954602)] -> css selector: form#formadd input[name='id_proof']]
before FindBY By.cssSelector: form#formadd input[name='pepples']
afterFindByBy.cssSelector: form#formadd input[name='pepples']
afterChangeValueOf [[ChromeDriver: chrome on WINDOWS (46e7d7b2cd15548bb12f599b84954602)] -> css selector: form#formadd input[name='pepples']]
before FindBY By.cssSelector: form#formadd input[name='contact']
afterFindByBy.cssSelector: form#formadd input[name='contact']
afterChangeValueOf [[ChromeDriver: chrome on WINDOWS (46e7d7b2cd15548bb12f599b84954602)] -> css selector: form#formadd input[name='contact']]
before FindBY By.cssSelector: form#formadd textarea[name='note1']
Testcase doneorg.openqa.selenium.NoSuchElementException: no such element: Unable to locate element: {"method":"css selector","selector":"form#formadd textarea[name='note1']"}
  (Session info: chrome=114.0.5735.134)
For documentation on this error, please visit: https://selenium.dev/exceptions/#no_such_element
Build info: version: '4.8.1', revision: '8ebccac989'
System info: os.name: 'Windows 11', os.arch: 'amd64', os.version: '10.0', java.version: '11.0.19'
Driver info: org.openqa.selenium.chrome.ChromeDriver
Command: [46e7d7b2cd15548bb12f599b84954602, findElement {using=css selector, value=form#formadd textarea[name='note1']}]
Capabilities {acceptInsecureCerts: false, browserName: chrome, browserVersion: 114.0.5735.134, chrome: {chromedriverVersion: 114.0.5735.90 (386bc09e8f4f..., userDataDir: C:\Users\pavigiri\AppData\L...}, goog:chromeOptions: {debuggerAddress: localhost:55521}, networkConnectionEnabled: false, pageLoadStrategy: normal, platformName: WINDOWS, proxy: Proxy(), se:cdp: ws://localhost:55521/devtoo..., se:cdpVersion: 114.0.5735.134, setWindowRect: true, strictFileInteractability: false, timeouts: {implicit: 0, pageLoad: 300000, script: 30000}, unhandledPromptBehavior: dismiss and notify, webauthn:extension:credBlob: true, webauthn:extension:largeBlob: true, webauthn:extension:minPinLength: true, webauthn:extension:prf: true, webauthn:virtualAuthenticators: true}
Session ID: 46e7d7b2cd15548bb12f599b84954602
Testcase doneChromeDriver: chrome on WINDOWS (46e7d7b2cd15548bb12f599b84954602)
]]></system-out>
    <system-err><![CDATA[Starting ChromeDriver 114.0.5735.90 (386bc09e8f4f2e025eddae123f36f6263096ae49-refs/branch-heads/5735@{#1052}) on port 21330
Only local connections are allowed.
Please see https://chromedriver.chromium.org/security-considerations for suggestions on keeping ChromeDriver safe.
ChromeDriver was started successfully.
Jun 16, 2023 4:51:11 PM org.openqa.selenium.devtools.CdpVersionFinder findNearestMatch
WARNING: Unable to find an exact match for CDP version 114, so returning the closest version found: 110
]]></system-err>
  </testcase>
  <testcase name="vistortest[[Ljava.lang.String;@3b0c3951](3)" classname="HMS.adminTest.Vistortest" time="71.965">
    <failure message="no such element: Unable to locate element: {&quot;method&quot;:&quot;css selector&quot;,&quot;selector&quot;:&quot;form#formadd textarea[name=&apos;note1&apos;]&quot;}&#10;  (Session info: chrome=114.0.5735.134)&#10;For documentation on this error, please visit: https://selenium.dev/exceptions/#no_such_element&#10;Build info: version: &apos;4.8.1&apos;, revision: &apos;8ebccac989&apos;&#10;System info: os.name: &apos;Windows 11&apos;, os.arch: &apos;amd64&apos;, os.version: &apos;10.0&apos;, java.version: &apos;11.0.19&apos;&#10;Driver info: org.openqa.selenium.chrome.ChromeDriver&#10;Command: [88ca07981ad1b7d8462b4e2e13f1a16c, findElement {using=css selector, value=form#formadd textarea[name=&apos;note1&apos;]}]&#10;Capabilities {acceptInsecureCerts: false, browserName: chrome, browserVersion: 114.0.5735.134, chrome: {chromedriverVersion: 114.0.5735.90 (386bc09e8f4f..., userDataDir: C:\Users\pavigiri\AppData\L...}, goog:chromeOptions: {debuggerAddress: localhost:55714}, networkConnectionEnabled: false, pageLoadStrategy: normal, platformName: WINDOWS, proxy: Proxy(), se:cdp: ws://localhost:55714/devtoo..., se:cdpVersion: 114.0.5735.134, setWindowRect: true, strictFileInteractability: false, timeouts: {implicit: 0, pageLoad: 300000, script: 30000}, unhandledPromptBehavior: dismiss and notify, webauthn:extension:credBlob: true, webauthn:extension:largeBlob: true, webauthn:extension:minPinLength: true, webauthn:extension:prf: true, webauthn:virtualAuthenticators: true}&#10;Session ID: 88ca07981ad1b7d8462b4e2e13f1a16c" type="org.openqa.selenium.NoSuchElementException"><![CDATA[org.openqa.selenium.NoSuchElementException: 
no such element: Unable to locate element: {"method":"css selector","selector":"form#formadd textarea[name='note1']"}
  (Session info: chrome=114.0.5735.134)
For documentation on this error, please visit: https://selenium.dev/exceptions/#no_such_element
Build info: version: '4.8.1', revision: '8ebccac989'
System info: os.name: 'Windows 11', os.arch: 'amd64', os.version: '10.0', java.version: '11.0.19'
Driver info: org.openqa.selenium.chrome.ChromeDriver
Command: [88ca07981ad1b7d8462b4e2e13f1a16c, findElement {using=css selector, value=form#formadd textarea[name='note1']}]
Capabilities {acceptInsecureCerts: false, browserName: chrome, browserVersion: 114.0.5735.134, chrome: {chromedriverVersion: 114.0.5735.90 (386bc09e8f4f..., userDataDir: C:\Users\pavigiri\AppData\L...}, goog:chromeOptions: {debuggerAddress: localhost:55714}, networkConnectionEnabled: false, pageLoadStrategy: normal, platformName: WINDOWS, proxy: Proxy(), se:cdp: ws://localhost:55714/devtoo..., se:cdpVersion: 114.0.5735.134, setWindowRect: true, strictFileInteractability: false, timeouts: {implicit: 0, pageLoad: 300000, script: 30000}, unhandledPromptBehavior: dismiss and notify, webauthn:extension:credBlob: true, webauthn:extension:largeBlob: true, webauthn:extension:minPinLength: true, webauthn:extension:prf: true, webauthn:virtualAuthenticators: true}
Session ID: 88ca07981ad1b7d8462b4e2e13f1a16c
	at java.base/jdk.internal.reflect.NativeConstructorAccessorImpl.newInstance0(Native Method)
	at java.base/jdk.internal.reflect.NativeConstructorAccessorImpl.newInstance(NativeConstructorAccessorImpl.java:62)
	at java.base/jdk.internal.reflect.DelegatingConstructorAccessorImpl.newInstance(DelegatingConstructorAccessorImpl.java:45)
	at java.base/java.lang.reflect.Constructor.newInstance(Constructor.java:490)
	at org.openqa.selenium.remote.codec.w3c.W3CHttpResponseCodec.createException(W3CHttpResponseCodec.java:200)
	at org.openqa.selenium.remote.codec.w3c.W3CHttpResponseCodec.decode(W3CHttpResponseCodec.java:133)
	at org.openqa.selenium.remote.codec.w3c.W3CHttpResponseCodec.decode(W3CHttpResponseCodec.java:53)
	at org.openqa.selenium.remote.HttpCommandExecutor.execute(HttpCommandExecutor.java:184)
	at org.openqa.selenium.remote.service.DriverCommandExecutor.invokeExecute(DriverCommandExecutor.java:167)
	at org.openqa.selenium.remote.service.DriverCommandExecutor.execute(DriverCommandExecutor.java:142)
	at org.openqa.selenium.remote.RemoteWebDriver.execute(RemoteWebDriver.java:543)
	at org.openqa.selenium.remote.ElementLocation$ElementFinder$2.findElement(ElementLocation.java:162)
	at org.openqa.selenium.remote.ElementLocation.findElement(ElementLocation.java:60)
	at org.openqa.selenium.remote.RemoteWebDriver.findElement(RemoteWebDriver.java:352)
	at org.openqa.selenium.remote.RemoteWebDriver.findElement(RemoteWebDriver.java:344)
	at jdk.internal.reflect.GeneratedMethodAccessor2.invoke(Unknown Source)
	at java.base/jdk.internal.reflect.DelegatingMethodAccessorImpl.invoke(DelegatingMethodAccessorImpl.java:43)
	at java.base/java.lang.reflect.Method.invoke(Method.java:566)
	at org.openqa.selenium.support.events.EventFiringWebDriver.lambda$new$1(EventFiringWebDriver.java:106)
	at com.sun.proxy.$Proxy13.findElement(Unknown Source)
	at org.openqa.selenium.support.events.EventFiringWebDriver.findElement(EventFiringWebDriver.java:195)
	at org.openqa.selenium.support.pagefactory.DefaultElementLocator.findElement(DefaultElementLocator.java:70)
	at org.openqa.selenium.support.pagefactory.internal.LocatingElementHandler.invoke(LocatingElementHandler.java:39)
	at com.sun.proxy.$Proxy17.sendKeys(Unknown Source)
	at HMS.pages.VistorPage.addvistordetails(VistorPage.java:59)
	at HMS.adminTest.Vistortest.vistortest(Vistortest.java:59)
	at java.base/jdk.internal.reflect.NativeMethodAccessorImpl.invoke0(Native Method)
	at java.base/jdk.internal.reflect.NativeMethodAccessorImpl.invoke(NativeMethodAccessorImpl.java:62)
	at java.base/jdk.internal.reflect.DelegatingMethodAccessorImpl.invoke(DelegatingMethodAccessorImpl.java:43)
	at java.base/java.lang.reflect.Method.invoke(Method.java:566)
	at org.testng.internal.invokers.MethodInvocationHelper.invokeMethod(MethodInvocationHelper.java:139)
	at org.testng.internal.invokers.TestInvoker.invokeMethod(TestInvoker.java:677)
	at org.testng.internal.invokers.TestInvoker.invokeTestMethod(TestInvoker.java:221)
	at org.testng.internal.invokers.MethodRunner.runInSequence(MethodRunner.java:50)
	at org.testng.internal.invokers.TestInvoker$MethodInvocationAgent.invoke(TestInvoker.java:969)
	at org.testng.internal.invokers.TestInvoker.invokeTestMethods(TestInvoker.java:194)
	at org.testng.internal.invokers.TestMethodWorker.invokeTestMethods(TestMethodWorker.java:148)
	at org.testng.internal.invokers.TestMethodWorker.run(TestMethodWorker.java:128)
	at java.base/java.util.ArrayList.forEach(ArrayList.java:1541)
	at org.testng.TestRunner.privateRun(TestRunner.java:829)
	at org.testng.TestRunner.run(TestRunner.java:602)
	at org.testng.SuiteRunner.runTest(SuiteRunner.java:437)
	at org.testng.SuiteRunner.runSequentially(SuiteRunner.java:431)
	at org.testng.SuiteRunner.privateRun(SuiteRunner.java:391)
	at org.testng.SuiteRunner.run(SuiteRunner.java:330)
	at org.testng.SuiteRunnerWorker.runSuite(SuiteRunnerWorker.java:52)
	at org.testng.SuiteRunnerWorker.run(SuiteRunnerWorker.java:95)
	at org.testng.TestNG.runSuitesSequentially(TestNG.java:1256)
	at org.testng.TestNG.runSuitesLocally(TestNG.java:1176)
	at org.testng.TestNG.runSuites(TestNG.java:1099)
	at org.testng.TestNG.run(TestNG.java:1067)
	at org.apache.maven.surefire.testng.TestNGExecutor.run(TestNGExecutor.java:308)
	at org.apache.maven.surefire.testng.TestNGXmlTestSuite.execute(TestNGXmlTestSuite.java:71)
	at org.apache.maven.surefire.testng.TestNGProvider.invoke(TestNGProvider.java:113)
	at org.apache.maven.surefire.booter.ForkedBooter.runSuitesInProcess(ForkedBooter.java:385)
	at org.apache.maven.surefire.booter.ForkedBooter.execute(ForkedBooter.java:162)
	at org.apache.maven.surefire.booter.ForkedBooter.run(ForkedBooter.java:507)
	at org.apache.maven.surefire.booter.ForkedBooter.main(ForkedBooter.java:495)
]]></failure>
    <system-out><![CDATA[before FindBY By.cssSelector: input#email
afterFindByBy.cssSelector: input#email
afterChangeValueOf [[ChromeDriver: chrome on WINDOWS (88ca07981ad1b7d8462b4e2e13f1a16c)] -> css selector: input#email]
before FindBY By.cssSelector: input#password
afterFindByBy.cssSelector: input#password
afterChangeValueOf [[ChromeDriver: chrome on WINDOWS (88ca07981ad1b7d8462b4e2e13f1a16c)] -> css selector: input#password]
before FindBY By.cssSelector: button.btn
afterFindByBy.cssSelector: button.btn
afterClickOn [[ChromeDriver: chrome on WINDOWS (88ca07981ad1b7d8462b4e2e13f1a16c)] -> css selector: button.btn]
before FindBY By.cssSelector: ul.sidebar-menu>li
afterFindByBy.cssSelector: ul.sidebar-menu>li
afterClickOn [[ChromeDriver: chrome on WINDOWS (88ca07981ad1b7d8462b4e2e13f1a16c)] -> css selector: ul.sidebar-menu>li]
before FindBY By.cssSelector: div.box-tools>a:nth-child(2)
afterFindByBy.cssSelector: div.box-tools>a:nth-child(2)
afterClickOn [[ChromeDriver: chrome on WINDOWS (88ca07981ad1b7d8462b4e2e13f1a16c)] -> css selector: div.box-tools>a:nth-child(2)]
before FindBY By.cssSelector: h3.box-title
afterFindByBy.cssSelector: h3.box-title
before FindBY By.cssSelector: a.btn-sm
afterFindByBy.cssSelector: a.btn-sm
afterClickOn [[ChromeDriver: chrome on WINDOWS (88ca07981ad1b7d8462b4e2e13f1a16c)] -> css selector: a.btn-sm]
before FindBY By.xpath: //h4[text()=' Add Visitor']
afterFindByBy.xpath: //h4[text()=' Add Visitor']
before FindBY By.xpath: //h4[text()=' Add Visitor']
afterFindByBy.xpath: //h4[text()=' Add Visitor']
before FindBY By.cssSelector: form#formadd select[name='purpose']
afterFindByBy.cssSelector: form#formadd select[name='purpose']
before FindBY By.cssSelector: form#formadd select[name='purpose']
afterFindByBy.cssSelector: form#formadd select[name='purpose']
before FindBY By.cssSelector: form#formadd select[name='purpose']
afterFindByBy.cssSelector: form#formadd select[name='purpose']
before FindBY By.cssSelector: form#formadd select[name='purpose']
afterFindByBy.cssSelector: form#formadd select[name='purpose']
before FindBY By.xpath: .//option[normalize-space(.) = "recheckup"]
afterFindByBy.xpath: .//option[normalize-space(.) = "recheckup"]
afterClickOn [[[[ChromeDriver: chrome on WINDOWS (88ca07981ad1b7d8462b4e2e13f1a16c)] -> css selector: form#formadd select[name='purpose']]] -> xpath: .//option[normalize-space(.) = "recheckup"]]
before FindBY By.cssSelector: form#formadd input[name='name']
afterFindByBy.cssSelector: form#formadd input[name='name']
afterChangeValueOf [[ChromeDriver: chrome on WINDOWS (88ca07981ad1b7d8462b4e2e13f1a16c)] -> css selector: form#formadd input[name='name']]
before FindBY By.cssSelector: form#formadd input[name='id_proof']
afterFindByBy.cssSelector: form#formadd input[name='id_proof']
afterChangeValueOf [[ChromeDriver: chrome on WINDOWS (88ca07981ad1b7d8462b4e2e13f1a16c)] -> css selector: form#formadd input[name='id_proof']]
before FindBY By.cssSelector: form#formadd input[name='pepples']
afterFindByBy.cssSelector: form#formadd input[name='pepples']
afterChangeValueOf [[ChromeDriver: chrome on WINDOWS (88ca07981ad1b7d8462b4e2e13f1a16c)] -> css selector: form#formadd input[name='pepples']]
before FindBY By.cssSelector: form#formadd input[name='contact']
afterFindByBy.cssSelector: form#formadd input[name='contact']
afterChangeValueOf [[ChromeDriver: chrome on WINDOWS (88ca07981ad1b7d8462b4e2e13f1a16c)] -> css selector: form#formadd input[name='contact']]
before FindBY By.cssSelector: form#formadd textarea[name='note1']
Testcase doneorg.openqa.selenium.NoSuchElementException: no such element: Unable to locate element: {"method":"css selector","selector":"form#formadd textarea[name='note1']"}
  (Session info: chrome=114.0.5735.134)
For documentation on this error, please visit: https://selenium.dev/exceptions/#no_such_element
Build info: version: '4.8.1', revision: '8ebccac989'
System info: os.name: 'Windows 11', os.arch: 'amd64', os.version: '10.0', java.version: '11.0.19'
Driver info: org.openqa.selenium.chrome.ChromeDriver
Command: [88ca07981ad1b7d8462b4e2e13f1a16c, findElement {using=css selector, value=form#formadd textarea[name='note1']}]
Capabilities {acceptInsecureCerts: false, browserName: chrome, browserVersion: 114.0.5735.134, chrome: {chromedriverVersion: 114.0.5735.90 (386bc09e8f4f..., userDataDir: C:\Users\pavigiri\AppData\L...}, goog:chromeOptions: {debuggerAddress: localhost:55714}, networkConnectionEnabled: false, pageLoadStrategy: normal, platformName: WINDOWS, proxy: Proxy(), se:cdp: ws://localhost:55714/devtoo..., se:cdpVersion: 114.0.5735.134, setWindowRect: true, strictFileInteractability: false, timeouts: {implicit: 0, pageLoad: 300000, script: 30000}, unhandledPromptBehavior: dismiss and notify, webauthn:extension:credBlob: true, webauthn:extension:largeBlob: true, webauthn:extension:minPinLength: true, webauthn:extension:prf: true, webauthn:virtualAuthenticators: true}
Session ID: 88ca07981ad1b7d8462b4e2e13f1a16c
Testcase doneChromeDriver: chrome on WINDOWS (88ca07981ad1b7d8462b4e2e13f1a16c)
]]></system-out>
    <system-err><![CDATA[Starting ChromeDriver 114.0.5735.90 (386bc09e8f4f2e025eddae123f36f6263096ae49-refs/branch-heads/5735@{#1052}) on port 21004
Only local connections are allowed.
Please see https://chromedriver.chromium.org/security-considerations for suggestions on keeping ChromeDriver safe.
ChromeDriver was started successfully.
Jun 16, 2023 4:52:51 PM org.openqa.selenium.devtools.CdpVersionFinder findNearestMatch
WARNING: Unable to find an exact match for CDP version 114, so returning the closest version found: 110
]]></system-err>
  </testcase>
</testsuite>